<?xml version="1.0" encoding="UTF-8"?>
<!-- Generated by org.testng.reporters.JUnitReportReporter -->
<testsuite hostname="VNALAWAR-PC" failures="0" tests="1" name="Sample_Data.TestProperties" time="0.018" errors="0" timestamp="01 Oct 2018 06:13:04 GMT" skipped="0">
  <testcase classname="Sample_Data.TestProperties" name="init" time="0.018"/>
</testsuite> <!-- Sample_Data.TestProperties -->
